[35m[1mScanning dependencies of target _my_first_robot_generate_messages_check_deps_DetectedObject[0m
[35m[1mScanning dependencies of target std_msgs_generate_messages_py[0m
[  0%] Built target std_msgs_generate_messages_py
[35m[1mScanning dependencies of target std_msgs_generate_messages_lisp[0m
[  0%] Built target std_msgs_generate_messages_lisp
[  0%] Built target _my_first_robot_generate_messages_check_deps_DetectedObject
[35m[1mScanning dependencies of target std_msgs_generate_messages_eus[0m
[35m[1mScanning dependencies of target std_msgs_generate_messages_nodejs[0m
[  0%] Built target std_msgs_generate_messages_nodejs
[  0%] Built target std_msgs_generate_messages_eus
[35m[1mScanning dependencies of target std_msgs_generate_messages_cpp[0m
[35m[1mScanning dependencies of target my_first_robot_generate_messages_py[0m
[  0%] Built target std_msgs_generate_messages_cpp
[ 14%] [34m[1mGenerating Python from MSG my_first_robot/DetectedObject[0m
[35m[1mScanning dependencies of target my_first_robot_generate_messages_lisp[0m
[ 28%] [34m[1mGenerating Lisp code from my_first_robot/DetectedObject.msg[0m
[ 28%] Built target my_first_robot_generate_messages_lisp
[35m[1mScanning dependencies of target my_first_robot_generate_messages_eus[0m
[ 42%] [34m[1mGenerating EusLisp code from my_first_robot/DetectedObject.msg[0m
[ 57%] [34m[1mGenerating Python msg __init__.py for my_first_robot[0m
[ 71%] [34m[1mGenerating EusLisp manifest code for my_first_robot[0m
[ 71%] Built target my_first_robot_generate_messages_py
[35m[1mScanning dependencies of target my_first_robot_generate_messages_nodejs[0m
[ 85%] [34m[1mGenerating Javascript code from my_first_robot/DetectedObject.msg[0m
[ 85%] Built target my_first_robot_generate_messages_nodejs
[35m[1mScanning dependencies of target my_first_robot_generate_messages_cpp[0m
[100%] [34m[1mGenerating C++ code from my_first_robot/DetectedObject.msg[0m
[100%] Built target my_first_robot_generate_messages_cpp
[100%] Built target my_first_robot_generate_messages_eus
[35m[1mScanning dependencies of target my_first_robot_generate_messages[0m
[100%] Built target my_first_robot_generate_messages
